<?xml version="1.0" encoding="UTF-8"?>
<!-- Generated by org.testng.reporters.JUnitReportReporter -->
<testsuite hostname="LAPTOP-0MI1AUE4" failures="0" tests="1" name="com.learnatomation.testcases.RegistrationFB" time="2.504" errors="0" timestamp="2024-07-16T22:19:32 IST" skipped="0">
  <testcase classname="com.learnatomation.testcases.RegistrationFB" name="RegisterToFB" time="2.504"/>
  <system-out>
    <![CDATA[Browser started.
Browser closed.]]>
  </system-out>
</testsuite> <!-- com.learnatomation.testcases.RegistrationFB -->
