<?xml version="1.0" encoding="UTF-8"?>
<!-- Generated by org.testng.reporters.JUnitReportReporter -->
<testsuite hostname="LAPTOP-0MI1AUE4" failures="0" tests="1" name="com.learnatomation.testcases.LoginCRM" time="6.025" errors="0" timestamp="2024-07-16T20:17:13 IST" skipped="0">
  <testcase classname="com.learnatomation.testcases.LoginCRM" name="loginApp" time="6.025"/>
  <system-out>
    <![CDATA[Browser started.
Browser closed.]]>
  </system-out>
</testsuite> <!-- com.learnatomation.testcases.LoginCRM -->
