<?xml version="1.0" encoding="UTF-8"?>
<!-- Generated by org.testng.reporters.JUnitReportReporter -->
<testsuite hostname="LAPTOP-0MI1AUE4" failures="0" tests="1" name="com.learnatomation.testcases.LoginCRM" time="5.824" errors="0" timestamp="2024-07-04T17:38:21 IST" skipped="0">
  <testcase classname="com.learnatomation.testcases.LoginCRM" name="loginApp" time="5.824"/>
  <system-out>
    <![CDATA[Browser started.
Browser closed.]]>
  </system-out>
</testsuite> <!-- com.learnatomation.testcases.LoginCRM -->
